This is pdfTeX, Version 3.141592653-2.6-1.40.24 (MiKTeX 22.7) (preloaded format=pdflatex 2022.9.26)  31 MAR 2023 10:52
entering extended mode
 \write18 enabled.
 %&-line parsing enabled.
**text.tex bibtex
(text.tex
LaTeX2e <2022-06-01> patch level 5
L3 programming layer <2022-07-04>
(C:\Users\malir\AppData\Local\Programs\MiKTeX\tex/latex/base\report.cls
Document Class: report 2021/10/04 v1.4n Standard LaTeX document class
(C:\Users\malir\AppData\Local\Programs\MiKTeX\tex/latex/base\size12.clo
File: size12.clo 2021/10/04 v1.4n Standard LaTeX file (size option)
)
\c@part=\count185
\c@chapter=\count186
\c@section=\count187
\c@subsection=\count188
\c@subsubsection=\count189
\c@paragraph=\count190
\c@subparagraph=\count191
\c@figure=\count192
\c@table=\count193
\abovecaptionskip=\skip47
\belowcaptionskip=\skip48
\bibindent=\dimen138
)
(C:\Users\malir\AppData\Local\Programs\MiKTeX\tex/generic/babel\babel.sty
Package: babel 2022/09/17 3.80 The Babel package
\babel@savecnt=\count194
\U@D=\dimen139
\l@unhyphenated=\language79

(C:\Users\malir\AppData\Local\Programs\MiKTeX\tex/generic/babel\txtbabel.def)
\bbl@readstream=\read2
\bbl@dirlevel=\count195

*************************************
* Local config file bblopts.cfg used
*
(C:\Users\malir\AppData\Local\Programs\MiKTeX\tex/latex/arabi\bblopts.cfg
File: bblopts.cfg 2005/09/08 v0.1 add Arabic and Farsi to "declared" options of
 babel
)
(C:\Users\malir\AppData\Local\Programs\MiKTeX\tex/latex/babel-czech\czech.ldf
Language: czech 2008/07/06 v3.1a Czech support from the babel system
Package babel Info: Making " an active character on input line 172.
\cs@wordlen=\count196
Package babel Info: Making - an active character on input line 226.
))
(C:\Users\malir\AppData\Local\Programs\MiKTeX\tex/generic/babel/locale/cs\babel
-czech.tex
Package babel Info: Importing font and identification data for czech
(babel)             from babel-cs.ini. Reported on input line 11.
)
(C:\Users\malir\AppData\Local\Programs\MiKTeX\tex/latex/base\inputenc.sty
Package: inputenc 2021/02/14 v1.3d Input encoding file
\inpenc@prehook=\toks16
\inpenc@posthook=\toks17
)
(C:\Users\malir\AppData\Local\Programs\MiKTeX\tex/latex/geometry\geometry.sty
Package: geometry 2020/01/02 v5.9 Page Geometry

(C:\Users\malir\AppData\Local\Programs\MiKTeX\tex/latex/graphics\keyval.sty
Package: keyval 2022/05/29 v1.15 key=value parser (DPC)
\KV@toks@=\toks18
)
(C:\Users\malir\AppData\Local\Programs\MiKTeX\tex/generic/iftex\ifvtex.sty
Package: ifvtex 2019/10/25 v1.7 ifvtex legacy package. Use iftex instead.

(C:\Users\malir\AppData\Local\Programs\MiKTeX\tex/generic/iftex\iftex.sty
Package: iftex 2022/02/03 v1.0f TeX engine tests
))
\Gm@cnth=\count197
\Gm@cntv=\count198
\c@Gm@tempcnt=\count199
\Gm@bindingoffset=\dimen140
\Gm@wd@mp=\dimen141
\Gm@odd@mp=\dimen142
\Gm@even@mp=\dimen143
\Gm@layoutwidth=\dimen144
\Gm@layoutheight=\dimen145
\Gm@layouthoffset=\dimen146
\Gm@layoutvoffset=\dimen147
\Gm@dimlist=\toks19

(C:\Users\malir\AppData\Local\Programs\MiKTeX\tex/latex/geometry\geometry.cfg))

(C:\Users\malir\AppData\Local\Programs\MiKTeX\tex/latex/blindtext\blindtext.sty
Package: blindtext 2012/01/06 V2.0 blindtext-Package
(C:\Users\malir\AppData\Local\Programs\MiKTeX\tex/latex/tools\xspace.sty
Package: xspace 2014/10/28 v1.13 Space after command names (DPC,MH)
)
\c@blindtext=\count266
\c@Blindtext=\count267
\c@blind@countparstart=\count268
\blind@countxx=\count269
\blindtext@numBlindtext=\count270
\blind@countyy=\count271
\c@blindlist=\count272
\c@blindlistlevel=\count273
\c@blindlist@level=\count274
\blind@listitem=\count275
\c@blind@listcount=\count276
\c@blind@levelcount=\count277
\blind@mathformula=\count278
\blind@Mathformula=\count279
\c@blind@randomcount=\count280
\c@blind@randommax=\count281
\c@blind@pangramcount=\count282
\c@blind@pangrammax=\count283
)
(C:\Users\malir\AppData\Local\Programs\MiKTeX\tex/latex/microtype\microtype.sty
Package: microtype 2022/06/23 v3.0f Micro-typographical refinements (RS)
(C:\Users\malir\AppData\Local\Programs\MiKTeX\tex/latex/etoolbox\etoolbox.sty
Package: etoolbox 2020/10/05 v2.5k e-TeX tools for LaTeX (JAW)
\etb@tempcnta=\count284
)
\MT@toks=\toks20
\MT@tempbox=\box51
\MT@count=\count285
LaTeX Info: Redefining \noprotrusionifhmode on input line 1045.
LaTeX Info: Redefining \leftprotrusion on input line 1046.
LaTeX Info: Redefining \rightprotrusion on input line 1056.
LaTeX Info: Redefining \textls on input line 1234.
\MT@outer@kern=\dimen148
LaTeX Info: Redefining \textmicrotypecontext on input line 1858.
\MT@listname@count=\count286

(C:\Users\malir\AppData\Local\Programs\MiKTeX\tex/latex/microtype\microtype-pdf
tex.def
File: microtype-pdftex.def 2022/06/23 v3.0f Definitions specific to pdftex (RS)

LaTeX Info: Redefining \lsstyle on input line 900.
LaTeX Info: Redefining \lslig on input line 900.
\MT@outer@space=\skip49
)
Package microtype Info: Loading configuration file microtype.cfg.

(C:\Users\malir\AppData\Local\Programs\MiKTeX\tex/latex/microtype\microtype.cfg
File: microtype.cfg 2022/06/23 v3.0f microtype main configuration file (RS)
))
(C:\Users\malir\AppData\Local\Programs\MiKTeX\tex/latex/graphics\graphicx.sty
Package: graphicx 2021/09/16 v1.2d Enhanced LaTeX Graphics (DPC,SPQR)

(C:\Users\malir\AppData\Local\Programs\MiKTeX\tex/latex/graphics\graphics.sty
Package: graphics 2022/03/10 v1.4e Standard LaTeX Graphics (DPC,SPQR)

(C:\Users\malir\AppData\Local\Programs\MiKTeX\tex/latex/graphics\trig.sty
Package: trig 2021/08/11 v1.11 sin cos tan (DPC)
)
(C:\Users\malir\AppData\Local\Programs\MiKTeX\tex/latex/graphics-cfg\graphics.c
fg
File: graphics.cfg 2016/06/04 v1.11 sample graphics configuration
)
Package graphics Info: Driver file: pdftex.def on input line 107.

(C:\Users\malir\AppData\Local\Programs\MiKTeX\tex/latex/graphics-def\pdftex.def
File: pdftex.def 2020/10/05 v1.2a Graphics/color driver for pdftex
))
\Gin@req@height=\dimen149
\Gin@req@width=\dimen150
) (C:\Users\malir\AppData\Local\Programs\MiKTeX\tex/latex/svg\svg.sty
Package: svg 2020/11/26 v2.02k (include SVG pictures)

(C:\Users\malir\AppData\Local\Programs\MiKTeX\tex/latex/koma-script\scrbase.sty
Package: scrbase 2022/07/04 v3.37 KOMA-Script package (KOMA-Script-independent 
basics and keyval usage)

(C:\Users\malir\AppData\Local\Programs\MiKTeX\tex/latex/koma-script\scrlfile.st
y
Package: scrlfile 2022/07/04 v3.37 KOMA-Script package (file load hooks)

(C:\Users\malir\AppData\Local\Programs\MiKTeX\tex/latex/koma-script\scrlfile-ho
ok.sty
Package: scrlfile-hook 2022/07/04 v3.37 KOMA-Script package (using LaTeX hooks)


(C:\Users\malir\AppData\Local\Programs\MiKTeX\tex/latex/koma-script\scrlogo.sty
Package: scrlogo 2022/07/04 v3.37 KOMA-Script package (logo)
)))
Applying: [2021/05/01] Usage of raw or classic option list on input line 252.
Already applied: [0000/00/00] Usage of raw or classic option list on input line
 368.
)
(C:\Users\malir\AppData\Local\Programs\MiKTeX\tex/generic/pdftexcmds\pdftexcmds
.sty
Package: pdftexcmds 2020-06-27 v0.33 Utility functions of pdfTeX for LuaTeX (HO
)

(C:\Users\malir\AppData\Local\Programs\MiKTeX\tex/generic/infwarerr\infwarerr.s
ty
Package: infwarerr 2019/12/03 v1.5 Providing info/warning/error messages (HO)
)
(C:\Users\malir\AppData\Local\Programs\MiKTeX\tex/generic/ltxcmds\ltxcmds.sty
Package: ltxcmds 2020-05-10 v1.25 LaTeX kernel commands for general use (HO)
)
Package pdftexcmds Info: \pdf@primitive is available.
Package pdftexcmds Info: \pdf@ifprimitive is available.
Package pdftexcmds Info: \pdfdraftmode found.
)
(C:\Users\malir\AppData\Local\Programs\MiKTeX\tex/latex/trimspaces\trimspaces.s
ty
Package: trimspaces 2009/09/17 v1.1 Trim spaces around a token list
) (C:\Users\malir\AppData\Local\Programs\MiKTeX\tex/latex/tools\shellesc.sty
Package: shellesc 2019/11/08 v1.0c unified shell escape interface for LaTeX
Package shellesc Info: Unrestricted shell escape enabled on input line 75.
)
(C:\Users\malir\AppData\Local\Programs\MiKTeX\tex/latex/ifplatform\ifplatform.s
ty
Package: ifplatform 2017/10/13 v0.4a Testing for the operating system

(C:\Users\malir\AppData\Local\Programs\MiKTeX\tex/generic/catchfile\catchfile.s
ty
Package: catchfile 2019/12/09 v1.8 Catch the contents of a file (HO)

(C:\Users\malir\AppData\Local\Programs\MiKTeX\tex/generic/etexcmds\etexcmds.sty
Package: etexcmds 2019/12/15 v1.7 Avoid name clashes with e-TeX commands (HO)
)) (C:\Users\malir\AppData\Local\Programs\MiKTeX\tex/generic/iftex\ifluatex.sty
Package: ifluatex 2019/10/25 v1.5 ifluatex legacy package. Use iftex instead.
))
\c@svg@param@lastpage=\count287
\svg@box=\box52
\c@svg@param@currpage=\count288
) (C:\Users\malir\AppData\Local\Programs\MiKTeX\tex/latex/xcolor\xcolor.sty
Package: xcolor 2022/06/12 v2.14 LaTeX color extensions (UK)

(C:\Users\malir\AppData\Local\Programs\MiKTeX\tex/latex/graphics-cfg\color.cfg
File: color.cfg 2016/01/02 v1.6 sample color configuration
)
Package xcolor Info: Driver file: pdftex.def on input line 227.

(C:\Users\malir\AppData\Local\Programs\MiKTeX\tex/latex-dev/graphics\mathcolor.
ltx)
Package xcolor Info: Model `cmy' substituted by `cmy0' on input line 1353.
Package xcolor Info: Model `hsb' substituted by `rgb' on input line 1357.
Package xcolor Info: Model `RGB' extended on input line 1369.
Package xcolor Info: Model `HTML' substituted by `rgb' on input line 1371.
Package xcolor Info: Model `Hsb' substituted by `hsb' on input line 1372.
Package xcolor Info: Model `tHsb' substituted by `hsb' on input line 1373.
Package xcolor Info: Model `HSB' substituted by `hsb' on input line 1374.
Package xcolor Info: Model `Gray' substituted by `gray' on input line 1375.
Package xcolor Info: Model `wave' substituted by `hsb' on input line 1376.
)
(C:\Users\malir\AppData\Local\Programs\MiKTeX\tex/latex/transparent\transparent
.sty
Package: transparent 2019/11/29 v1.4 Transparency via pdfTeX's color stack (HO)


(C:\Users\malir\AppData\Local\Programs\MiKTeX\tex/latex/auxhook\auxhook.sty
Package: auxhook 2019-12-17 v1.6 Hooks for auxiliary files (HO)
))
(C:\Users\malir\AppData\Local\Programs\MiKTeX\tex/latex/pgf/systemlayer\pgfsys.
sty
(C:\Users\malir\AppData\Local\Programs\MiKTeX\tex/latex/pgf/utilities\pgfrcs.st
y
(C:\Users\malir\AppData\Local\Programs\MiKTeX\tex/generic/pgf/utilities\pgfutil
-common.tex
\pgfutil@everybye=\toks21
\pgfutil@tempdima=\dimen151
\pgfutil@tempdimb=\dimen152

(C:\Users\malir\AppData\Local\Programs\MiKTeX\tex/generic/pgf/utilities\pgfutil
-common-lists.tex))
(C:\Users\malir\AppData\Local\Programs\MiKTeX\tex/generic/pgf/utilities\pgfutil
-latex.def
\pgfutil@abb=\box53
)
(C:\Users\malir\AppData\Local\Programs\MiKTeX\tex/generic/pgf/utilities\pgfrcs.
code.tex
(C:\Users\malir\AppData\Local\Programs\MiKTeX\tex/generic/pgf\pgf.revision.tex)
Package: pgfrcs 2021/05/15 v3.1.9a (3.1.9a)
))
(C:\Users\malir\AppData\Local\Programs\MiKTeX\tex/generic/pgf/systemlayer\pgfsy
s.code.tex
Package: pgfsys 2021/05/15 v3.1.9a (3.1.9a)

(C:\Users\malir\AppData\Local\Programs\MiKTeX\tex/generic/pgf/utilities\pgfkeys
.code.tex
\pgfkeys@pathtoks=\toks22
\pgfkeys@temptoks=\toks23

(C:\Users\malir\AppData\Local\Programs\MiKTeX\tex/generic/pgf/utilities\pgfkeys
filtered.code.tex
\pgfkeys@tmptoks=\toks24
))
\pgf@x=\dimen153
\pgf@y=\dimen154
\pgf@xa=\dimen155
\pgf@ya=\dimen156
\pgf@xb=\dimen157
\pgf@yb=\dimen158
\pgf@xc=\dimen159
\pgf@yc=\dimen160
\pgf@xd=\dimen161
\pgf@yd=\dimen162
\w@pgf@writea=\write3
\r@pgf@reada=\read3
\c@pgf@counta=\count289
\c@pgf@countb=\count290
\c@pgf@countc=\count291
\c@pgf@countd=\count292
\t@pgf@toka=\toks25
\t@pgf@tokb=\toks26
\t@pgf@tokc=\toks27
\pgf@sys@id@count=\count293

(C:\Users\malir\AppData\Local\Programs\MiKTeX\tex/generic/pgf/systemlayer\pgf.c
fg
File: pgf.cfg 2021/05/15 v3.1.9a (3.1.9a)
)
Driver file for pgf: pgfsys-pdftex.def

(C:\Users\malir\AppData\Local\Programs\MiKTeX\tex/generic/pgf/systemlayer\pgfsy
s-pdftex.def
File: pgfsys-pdftex.def 2021/05/15 v3.1.9a (3.1.9a)

(C:\Users\malir\AppData\Local\Programs\MiKTeX\tex/generic/pgf/systemlayer\pgfsy
s-common-pdf.def
File: pgfsys-common-pdf.def 2021/05/15 v3.1.9a (3.1.9a)
)))
(C:\Users\malir\AppData\Local\Programs\MiKTeX\tex/generic/pgf/systemlayer\pgfsy
ssoftpath.code.tex
File: pgfsyssoftpath.code.tex 2021/05/15 v3.1.9a (3.1.9a)
\pgfsyssoftpath@smallbuffer@items=\count294
\pgfsyssoftpath@bigbuffer@items=\count295
)
(C:\Users\malir\AppData\Local\Programs\MiKTeX\tex/generic/pgf/systemlayer\pgfsy
sprotocol.code.tex
File: pgfsysprotocol.code.tex 2021/05/15 v3.1.9a (3.1.9a)
))
(C:\Users\malir\AppData\Local\Programs\MiKTeX\tex/latex/float\float.sty
Package: float 2001/11/08 v1.3d Float enhancements (AL)
\c@float@type=\count296
\float@exts=\toks28
\float@box=\box54
\@float@everytoks=\toks29
\@floatcapt=\box55
)
(C:\Users\malir\AppData\Local\Programs\MiKTeX\tex/latex/algorithms\algorithm.st
y
Package: algorithm 2009/08/24 v0.1 Document Style `algorithm' - floating enviro
nment
 (C:\Users\malir\AppData\Local\Programs\MiKTeX\tex/latex/base\ifthen.sty
Package: ifthen 2022/04/13 v1.1d Standard LaTeX ifthen package (DPC)
)
\@float@every@algorithm=\toks30
\c@algorithm=\count297
)
(C:\Users\malir\AppData\Local\Programs\MiKTeX\tex/latex/algorithmicx\algorithmi
cx.sty
Package: algorithmicx 2005/04/27 v1.2 Algorithmicx

Document Style algorithmicx 1.2 - a greatly improved `algorithmic' style
\c@ALG@line=\count298
\c@ALG@rem=\count299
\c@ALG@nested=\count300
\ALG@tlm=\skip50
\ALG@thistlm=\skip51
\c@ALG@Lnr=\count301
\c@ALG@blocknr=\count302
\c@ALG@storecount=\count303
\c@ALG@tmpcounter=\count304
\ALG@tmplength=\skip52
) (C:\Users\malir\AppData\Local\Programs\MiKTeX\tex/latex/caption\caption.sty
Package: caption 2022/03/01 v3.6b Customizing captions (AR)

(C:\Users\malir\AppData\Local\Programs\MiKTeX\tex/latex/caption\caption3.sty
Package: caption3 2022/03/17 v2.3b caption3 kernel (AR)
\caption@tempdima=\dimen163
\captionmargin=\dimen164
\caption@leftmargin=\dimen165
\caption@rightmargin=\dimen166
\caption@width=\dimen167
\caption@indent=\dimen168
\caption@parindent=\dimen169
\caption@hangindent=\dimen170
Package caption Info: Standard document class detected.
)
\c@caption@flags=\count305
\c@continuedfloat=\count306
Package caption Info: float package is loaded.
)
(C:\Users\malir\AppData\Local\Programs\MiKTeX\tex/latex/wrapfig\wrapfig.sty
\wrapoverhang=\dimen171
\WF@size=\dimen172
\c@WF@wrappedlines=\count307
\WF@box=\box56
\WF@everypar=\toks31
Package: wrapfig 2003/01/31  v 3.6
)
(C:\Users\malir\AppData\Local\Programs\MiKTeX\tex/latex/subfigure\subfigure.sty
Package: subfigure 2002/07/30 v2.1.4 subfigure package
\subfigtopskip=\skip53
\subfigcapskip=\skip54
\subfigcaptopadj=\dimen173
\subfigbottomskip=\skip55
\subfigcapmargin=\dimen174
\subfiglabelskip=\skip56
\c@subfigure=\count308
\c@lofdepth=\count309
\c@subtable=\count310
\c@lotdepth=\count311
****************************************
* Local config file subfigure.cfg used *
****************************************

(C:\Users\malir\AppData\Local\Programs\MiKTeX\tex/latex/subfigure\subfigure.cfg
)
\subfig@top=\skip57
\subfig@bottom=\skip58
)
(C:\Users\malir\AppData\Local\Programs\MiKTeX\tex/latex/enumitem\enumitem.sty
Package: enumitem 2019/06/20 v3.9 Customized lists
\labelindent=\skip59
\enit@outerparindent=\dimen175
\enit@toks=\toks32
\enit@inbox=\box57
\enit@count@id=\count312
\enitdp@description=\count313
)
(C:\Users\malir\AppData\Local\Programs\MiKTeX\tex/latex/amsmath\amsmath.sty
Package: amsmath 2022/04/08 v2.17n AMS math features
\@mathmargin=\skip60

For additional information on amsmath, use the `?' option.
(C:\Users\malir\AppData\Local\Programs\MiKTeX\tex/latex/amsmath\amstext.sty
Package: amstext 2021/08/26 v2.01 AMS text

(C:\Users\malir\AppData\Local\Programs\MiKTeX\tex/latex/amsmath\amsgen.sty
File: amsgen.sty 1999/11/30 v2.0 generic functions
\@emptytoks=\toks33
\ex@=\dimen176
))
(C:\Users\malir\AppData\Local\Programs\MiKTeX\tex/latex/amsmath\amsbsy.sty
Package: amsbsy 1999/11/29 v1.2d Bold Symbols
\pmbraise@=\dimen177
)
(C:\Users\malir\AppData\Local\Programs\MiKTeX\tex/latex/amsmath\amsopn.sty
Package: amsopn 2022/04/08 v2.04 operator names
)
\inf@bad=\count314
LaTeX Info: Redefining \frac on input line 234.
\uproot@=\count315
\leftroot@=\count316
LaTeX Info: Redefining \overline on input line 399.
LaTeX Info: Redefining \colon on input line 410.
\classnum@=\count317
\DOTSCASE@=\count318
LaTeX Info: Redefining \ldots on input line 496.
LaTeX Info: Redefining \dots on input line 499.
LaTeX Info: Redefining \cdots on input line 620.
\Mathstrutbox@=\box58
\strutbox@=\box59
LaTeX Info: Redefining \big on input line 722.
LaTeX Info: Redefining \Big on input line 723.
LaTeX Info: Redefining \bigg on input line 724.
LaTeX Info: Redefining \Bigg on input line 725.
\big@size=\dimen178
LaTeX Font Info:    Redeclaring font encoding OML on input line 743.
LaTeX Font Info:    Redeclaring font encoding OMS on input line 744.
\macc@depth=\count319
LaTeX Info: Redefining \bmod on input line 905.
LaTeX Info: Redefining \pmod on input line 910.
LaTeX Info: Redefining \smash on input line 940.
LaTeX Info: Redefining \relbar on input line 970.
LaTeX Info: Redefining \Relbar on input line 971.
\c@MaxMatrixCols=\count320
\dotsspace@=\muskip16
\c@parentequation=\count321
\dspbrk@lvl=\count322
\tag@help=\toks34
\row@=\count323
\column@=\count324
\maxfields@=\count325
\andhelp@=\toks35
\eqnshift@=\dimen179
\alignsep@=\dimen180
\tagshift@=\dimen181
\tagwidth@=\dimen182
\totwidth@=\dimen183
\lineht@=\dimen184
\@envbody=\toks36
\multlinegap=\skip61
\multlinetaggap=\skip62
\mathdisplay@stack=\toks37
LaTeX Info: Redefining \[ on input line 2953.
LaTeX Info: Redefining \] on input line 2954.
)
(C:\Users\malir\AppData\Local\Programs\MiKTeX\tex/latex/tools\bm.sty
Package: bm 2021/04/25 v1.2e Bold Symbol Support (DPC/FMi)
\symboldoperators=\mathgroup4
\symboldletters=\mathgroup5
\symboldsymbols=\mathgroup6
Package bm Info: No bold for \OMX/cmex/m/n, using \pmb.
LaTeX Font Info:    Redeclaring math alphabet \mathbf on input line 149.
)
(C:\Users\malir\AppData\Local\Programs\MiKTeX\tex/latex/index\index.sty
Package: index 2004/01/20 v4.2beta Improved index support (dmj)
\@indexbox=\insert252
\indexproofstyle=\toks38


LaTeX Warning: Command \markboth  has changed.
               Check if current package is valid.


LaTeX Warning: Command \markright  has changed.
               Check if current package is valid.

)
(C:\Users\malir\AppData\Local\Programs\MiKTeX\tex/latex/algorithmicx\algpseudoc
ode.sty
Package: algpseudocode 

Document Style - pseudocode environments for use with the `algorithmicx' style
) (C:\Users\malir\AppData\Local\Programs\MiKTeX\tex/latex/listings\listings.sty
\lst@mode=\count326
\lst@gtempboxa=\box60
\lst@token=\toks39
\lst@length=\count327
\lst@currlwidth=\dimen185
\lst@column=\count328
\lst@pos=\count329
\lst@lostspace=\dimen186
\lst@width=\dimen187
\lst@newlines=\count330
\lst@lineno=\count331
\lst@maxwidth=\dimen188
(C:\Users\malir\AppData\Local\Programs\MiKTeX\tex/latex/listings\lstmisc.sty
File: lstmisc.sty 2020/03/24 1.8d (Carsten Heinz)
\c@lstnumber=\count332
\lst@skipnumbers=\count333
\lst@framebox=\box61
)
(C:\Users\malir\AppData\Local\Programs\MiKTeX\tex/latex/listings\listings.cfg
File: listings.cfg 2020/03/24 1.8d listings configuration
))
Package: listings 2020/03/24 1.8d (Carsten Heinz)
(C:\Users\malir\AppData\Local\Programs\MiKTeX\tex/latex/tools\multicol.sty
Package: multicol 2021/10/28 v1.9b multicolumn formatting (FMi)
\c@tracingmulticols=\count334
\mult@box=\box62
\multicol@leftmargin=\dimen189
\c@unbalance=\count335
\c@collectmore=\count336
\doublecol@number=\count337
\multicoltolerance=\count338
\multicolpretolerance=\count339
\full@width=\dimen190
\page@free=\dimen191
\premulticols=\dimen192
\postmulticols=\dimen193
\multicolsep=\skip63
\multicolbaselineskip=\skip64
\partial@page=\box63
\last@line=\box64
\maxbalancingoverflow=\dimen194
\mult@rightbox=\box65
\mult@grightbox=\box66
\mult@firstbox=\box67
\mult@gfirstbox=\box68
\@tempa=\box69
\@tempa=\box70
\@tempa=\box71
\@tempa=\box72
\@tempa=\box73
\@tempa=\box74
\@tempa=\box75
\@tempa=\box76
\@tempa=\box77
\@tempa=\box78
\@tempa=\box79
\@tempa=\box80
\@tempa=\box81
\@tempa=\box82
\@tempa=\box83
\@tempa=\box84
\@tempa=\box85
\@tempa=\box86
\@tempa=\box87
\@tempa=\box88
\@tempa=\box89
\@tempa=\box90
\@tempa=\box91
\@tempa=\box92
\@tempa=\box93
\@tempa=\box94
\@tempa=\box95
\@tempa=\box96
\@tempa=\box97
\@tempa=\box98
\@tempa=\box99
\@tempa=\box100
\@tempa=\box101
\@tempa=\box102
\@tempa=\box103
\@tempa=\box104
\c@minrows=\count340
\c@columnbadness=\count341
\c@finalcolumnbadness=\count342
\last@try=\dimen195
\multicolovershoot=\dimen196
\multicolundershoot=\dimen197
\mult@nat@firstbox=\box105
\colbreak@box=\box106
\mc@col@check@num=\count343
)
(C:\Users\malir\AppData\Local\Programs\MiKTeX\tex/latex/lm\lmodern.sty
Package: lmodern 2015/05/01 v1.6.1 Latin Modern Fonts
LaTeX Font Info:    Overwriting symbol font `operators' in version `normal'
(Font)                  OT1/cmr/m/n --> OT1/lmr/m/n on input line 22.
LaTeX Font Info:    Overwriting symbol font `letters' in version `normal'
(Font)                  OML/cmm/m/it --> OML/lmm/m/it on input line 23.
LaTeX Font Info:    Overwriting symbol font `symbols' in version `normal'
(Font)                  OMS/cmsy/m/n --> OMS/lmsy/m/n on input line 24.
LaTeX Font Info:    Overwriting symbol font `largesymbols' in version `normal'
(Font)                  OMX/cmex/m/n --> OMX/lmex/m/n on input line 25.
LaTeX Font Info:    Overwriting symbol font `operators' in version `bold'
(Font)                  OT1/cmr/bx/n --> OT1/lmr/bx/n on input line 26.
LaTeX Font Info:    Overwriting symbol font `letters' in version `bold'
(Font)                  OML/cmm/b/it --> OML/lmm/b/it on input line 27.
LaTeX Font Info:    Overwriting symbol font `symbols' in version `bold'
(Font)                  OMS/cmsy/b/n --> OMS/lmsy/b/n on input line 28.
LaTeX Font Info:    Overwriting symbol font `largesymbols' in version `bold'
(Font)                  OMX/cmex/m/n --> OMX/lmex/m/n on input line 29.
LaTeX Font Info:    Overwriting math alphabet `\mathbf' in version `normal'
(Font)                  OT1/cmr/bx/n --> OT1/lmr/bx/n on input line 31.
LaTeX Font Info:    Overwriting math alphabet `\mathsf' in version `normal'
(Font)                  OT1/cmss/m/n --> OT1/lmss/m/n on input line 32.
LaTeX Font Info:    Overwriting math alphabet `\mathit' in version `normal'
(Font)                  OT1/cmr/m/it --> OT1/lmr/m/it on input line 33.
LaTeX Font Info:    Overwriting math alphabet `\mathtt' in version `normal'
(Font)                  OT1/cmtt/m/n --> OT1/lmtt/m/n on input line 34.
LaTeX Font Info:    Overwriting math alphabet `\mathbf' in version `bold'
(Font)                  OT1/cmr/bx/n --> OT1/lmr/bx/n on input line 35.
LaTeX Font Info:    Overwriting math alphabet `\mathsf' in version `bold'
(Font)                  OT1/cmss/bx/n --> OT1/lmss/bx/n on input line 36.
LaTeX Font Info:    Overwriting math alphabet `\mathit' in version `bold'
(Font)                  OT1/cmr/bx/it --> OT1/lmr/bx/it on input line 37.
LaTeX Font Info:    Overwriting math alphabet `\mathtt' in version `bold'
(Font)                  OT1/cmtt/m/n --> OT1/lmtt/m/n on input line 38.
)
(C:\Users\malir\AppData\Local\Programs\MiKTeX\tex/latex/listings\lstlang1.sty
File: lstlang1.sty 2020/03/24 1.8d listings language file
)
(C:\Users\malir\AppData\Local\Programs\MiKTeX\tex/latex/listings\lstlang1.sty
File: lstlang1.sty 2020/03/24 1.8d listings language file
)
\idxtitle@default=\toks40
\tf@default=\write4
\openout4 = `text.idx'.

Package index Info: Writing index file text.idx on input line 55.
LaTeX Font Info:    Trying to load font information for OT1+lmr on input line 8
4.

(C:\Users\malir\AppData\Local\Programs\MiKTeX\tex/latex/lm\ot1lmr.fd
File: ot1lmr.fd 2015/05/01 v1.6.1 Font defs for Latin Modern
)
(C:\Users\malir\AppData\Local\Programs\MiKTeX\tex/latex/l3backend\l3backend-pdf
tex.def
File: l3backend-pdftex.def 2022-07-01 L3 backend support: PDF output (pdfTeX)
\l__color_backend_stack_int=\count344
\l__pdf_internal_box=\box107
) (text.aux)
\openout1 = `text.aux'.

LaTeX Font Info:    Checking defaults for OML/cmm/m/it on input line 84.
LaTeX Font Info:    ... okay on input line 84.
LaTeX Font Info:    Checking defaults for OMS/cmsy/m/n on input line 84.
LaTeX Font Info:    ... okay on input line 84.
LaTeX Font Info:    Checking defaults for OT1/cmr/m/n on input line 84.
LaTeX Font Info:    ... okay on input line 84.
LaTeX Font Info:    Checking defaults for T1/cmr/m/n on input line 84.
LaTeX Font Info:    ... okay on input line 84.
LaTeX Font Info:    Checking defaults for TS1/cmr/m/n on input line 84.
LaTeX Font Info:    ... okay on input line 84.
LaTeX Font Info:    Checking defaults for OMX/cmex/m/n on input line 84.
LaTeX Font Info:    ... okay on input line 84.
LaTeX Font Info:    Checking defaults for U/cmr/m/n on input line 84.
LaTeX Font Info:    ... okay on input line 84.

*geometry* driver: auto-detecting
*geometry* detected driver: pdftex
*geometry* verbose mode - [ preamble ] result:
* driver: pdftex
* paper: a4paper
* layout: <same size as paper>
* layoutoffset:(h,v)=(0.0pt,0.0pt)
* modes: 
* h-part:(L,W,R)=(71.13188pt, 455.24411pt, 71.13188pt)
* v-part:(T,H,B)=(71.13188pt, 702.78308pt, 71.13188pt)
* \paperwidth=597.50787pt
* \paperheight=845.04684pt
* \textwidth=455.24411pt
* \textheight=702.78308pt
* \oddsidemargin=-1.1381pt
* \evensidemargin=-1.1381pt
* \topmargin=-38.1381pt
* \headheight=12.0pt
* \headsep=25.0pt
* \topskip=12.0pt
* \footskip=30.0pt
* \marginparwidth=35.0pt
* \marginparsep=10.0pt
* \columnsep=10.0pt
* \skip\footins=10.8pt plus 4.0pt minus 2.0pt
* \hoffset=0.0pt
* \voffset=0.0pt
* \mag=1000
* \@twocolumnfalse
* \@twosidefalse
* \@mparswitchfalse
* \@reversemarginfalse
* (1in=72.27pt=25.4mm, 1cm=28.453pt)

LaTeX Info: Redefining \microtypecontext on input line 84.

Package microtype Warning: Unable to apply patch `item' on input line 84.

Package microtype Info: Applying patch `toc' on input line 84.
Package microtype Info: Applying patch `eqnum' on input line 84.
Package microtype Info: Applying patch `footnote' on input line 84.
Package microtype Info: Generating PDF output.
Package microtype Info: Character protrusion enabled (level 2).
Package microtype Info: Using default protrusion set `alltext'.
Package microtype Info: Automatic font expansion enabled (level 2),
(microtype)             stretch: 20, shrink: 20, step: 1, non-selected.
Package microtype Info: Using default expansion set `alltext-nott'.
LaTeX Info: Redefining \showhyphens on input line 84.
Package microtype Info: No adjustment of tracking.
Package microtype Info: No adjustment of interword spacing.
Package microtype Info: No adjustment of character kerning.
(C:\Users\malir\AppData\Local\Programs\MiKTeX\tex/latex/microtype\mt-cmr.cfg
File: mt-cmr.cfg 2013/05/19 v2.2 microtype config. file: Computer Modern Roman 
(RS)
)
(C:\Users\malir\AppData\Local\Programs\MiKTeX\tex/context/base/mkii\supp-pdf.mk
ii
[Loading MPS to PDF converter (version 2006.09.02).]
\scratchcounter=\count345
\scratchdimen=\dimen198
\scratchbox=\box108
\nofMPsegments=\count346
\nofMParguments=\count347
\everyMPshowfont=\toks41
\MPscratchCnt=\count348
\MPscratchDim=\dimen199
\MPnumerator=\count349
\makeMPintoPDFobject=\count350
\everyMPtoPDFconversion=\toks42
)
(C:\Users\malir\AppData\Local\Programs\MiKTeX\tex/latex/epstopdf-pkg\epstopdf-b
ase.sty
Package: epstopdf-base 2020-01-24 v2.11 Base part for package epstopdf
Package epstopdf-base Info: Redefining graphics rule for `.eps' on input line 4
85.

(C:\Users\malir\AppData\Local\Programs\MiKTeX\tex/latex/00miktex\epstopdf-sys.c
fg
File: epstopdf-sys.cfg 2021/03/18 v2.0 Configuration of epstopdf for MiKTeX
))
Package caption Info: Begin \AtBeginDocument code.
Package caption Info: listings package is loaded.
Package caption Info: subfigure package is loaded.
Package caption Info: wrapfig package is loaded.
Package caption Info: End \AtBeginDocument code.
\c@lstlisting=\count351
 [1

{C:/Users/malir/AppData/Local/MiKTeX/fonts/map/pdftex/pdftex.map}]
[1] [2

]
Underfull \hbox (badness 10000) in paragraph at lines 131--133

 []

[3

] (text.toc
LaTeX Font Info:    Trying to load font information for OML+lmm on input line 4
.

(C:\Users\malir\AppData\Local\Programs\MiKTeX\tex/latex/lm\omllmm.fd
File: omllmm.fd 2015/05/01 v1.6.1 Font defs for Latin Modern
)
LaTeX Font Info:    Trying to load font information for OMS+lmsy on input line 
4.

(C:\Users\malir\AppData\Local\Programs\MiKTeX\tex/latex/lm\omslmsy.fd
File: omslmsy.fd 2015/05/01 v1.6.1 Font defs for Latin Modern
)
LaTeX Font Info:    Trying to load font information for OMX+lmex on input line 
4.

(C:\Users\malir\AppData\Local\Programs\MiKTeX\tex/latex/lm\omxlmex.fd
File: omxlmex.fd 2015/05/01 v1.6.1 Font defs for Latin Modern
)
LaTeX Font Info:    External font `lmex10' loaded for size
(Font)              <12> on input line 4.
LaTeX Font Info:    External font `lmex10' loaded for size
(Font)              <8> on input line 4.
LaTeX Font Info:    External font `lmex10' loaded for size
(Font)              <6> on input line 4.

Overfull \hbox (0.71873pt too wide) detected at line 26
 []\OT1/lmr/m/n/12 xvii
 []


Overfull \hbox (3.98273pt too wide) detected at line 27
 []\OT1/lmr/m/n/12 xviii
 []


Overfull \hbox (3.98273pt too wide) detected at line 28
 []\OT1/lmr/m/n/12 xviii
 []

)
\tf@toc=\write5
\openout5 = `text.toc'.


Kapitola 1.
[4

]
Kapitola 2.
LaTeX Font Info:    Trying to load font information for OT1+lmtt on input line 
161.
(C:\Users\malir\AppData\Local\Programs\MiKTeX\tex/latex/lm\ot1lmtt.fd
File: ot1lmtt.fd 2015/05/01 v1.6.1 Font defs for Latin Modern
)
Package microtype Info: Loading generic protrusion settings for font family
(microtype)             `lmtt' (encoding: OT1).
(microtype)             For optimal results, create family-specific settings.
(microtype)             See the microtype manual for details.
LaTeX Font Info:    Font shape `OT1/lmtt/bx/n' in size <12> not available
(Font)              Font shape `OT1/lmtt/b/n' tried instead on input line 162.

Underfull \hbox (badness 10000) in paragraph at lines 172--173

 []

Package svg Info: Last page of `./svg-inkscape/fig1_svg-tex.pdf' is 7 on input 
line 176.
(svg-inkscape/fig1_svg-tex.pdf_tex
<./svg-inkscape/fig1_svg-tex.pdf, id=25, page=1, 150.5634pt x 263.48529pt>
File: ./svg-inkscape/fig1_svg-tex.pdf Graphic file (type pdf)
<use ./svg-inkscape/fig1_svg-tex.pdf, page 1>
Package pdftex.def Info: ./svg-inkscape/fig1_svg-tex.pdf , page1 used on input 
line 56.
(pdftex.def)             Requested size: 150.5634pt x 263.48465pt.
<./svg-inkscape/fig1_svg-tex.pdf, id=26, page=2, 150.5634pt x 263.48529pt>
File: ./svg-inkscape/fig1_svg-tex.pdf Graphic file (type pdf)
<use ./svg-inkscape/fig1_svg-tex.pdf, page 2>
Package pdftex.def Info: ./svg-inkscape/fig1_svg-tex.pdf , page2 used on input 
line 58.
(pdftex.def)             Requested size: 150.5634pt x 263.48465pt.
<./svg-inkscape/fig1_svg-tex.pdf, id=27, page=3, 150.5634pt x 263.48529pt>
File: ./svg-inkscape/fig1_svg-tex.pdf Graphic file (type pdf)
<use ./svg-inkscape/fig1_svg-tex.pdf, page 3>
Package pdftex.def Info: ./svg-inkscape/fig1_svg-tex.pdf , page3 used on input 
line 60.
(pdftex.def)             Requested size: 150.5634pt x 263.48465pt.
<./svg-inkscape/fig1_svg-tex.pdf, id=28, page=4, 150.5634pt x 263.48529pt>
File: ./svg-inkscape/fig1_svg-tex.pdf Graphic file (type pdf)
<use ./svg-inkscape/fig1_svg-tex.pdf, page 4>
Package pdftex.def Info: ./svg-inkscape/fig1_svg-tex.pdf , page4 used on input 
line 62.
(pdftex.def)             Requested size: 150.5634pt x 263.48465pt.
<./svg-inkscape/fig1_svg-tex.pdf, id=29, page=5, 150.5634pt x 263.48529pt>
File: ./svg-inkscape/fig1_svg-tex.pdf Graphic file (type pdf)
<use ./svg-inkscape/fig1_svg-tex.pdf, page 5>
Package pdftex.def Info: ./svg-inkscape/fig1_svg-tex.pdf , page5 used on input 
line 64.
(pdftex.def)             Requested size: 150.5634pt x 263.48465pt.
<./svg-inkscape/fig1_svg-tex.pdf, id=30, page=6, 150.5634pt x 263.48529pt>
File: ./svg-inkscape/fig1_svg-tex.pdf Graphic file (type pdf)
<use ./svg-inkscape/fig1_svg-tex.pdf, page 6>
Package pdftex.def Info: ./svg-inkscape/fig1_svg-tex.pdf , page6 used on input 
line 66.
(pdftex.def)             Requested size: 150.5634pt x 263.48465pt.
<./svg-inkscape/fig1_svg-tex.pdf, id=31, page=7, 150.5634pt x 263.48529pt>
File: ./svg-inkscape/fig1_svg-tex.pdf Graphic file (type pdf)
<use ./svg-inkscape/fig1_svg-tex.pdf, page 7>
Package pdftex.def Info: ./svg-inkscape/fig1_svg-tex.pdf , page7 used on input 
line 68.
(pdftex.def)             Requested size: 150.5634pt x 263.48465pt.
) [5] [6 <./svg-inkscape/fig1_svg-tex.pdf> <./svg-inkscape/fig1_svg-tex.pdf

pdfTeX warning: pdflatex.exe (file ./svg-inkscape/fig1_svg-tex.pdf): PDF inclus
ion: multiple pdfs with page group included in a single page
> <./svg-inkscape/fig1_svg-tex.pdf

pdfTeX warning: pdflatex.exe (file ./svg-inkscape/fig1_svg-tex.pdf): PDF inclus
ion: multiple pdfs with page group included in a single page
> <./svg-inkscape/fig1_svg-tex.pdf

pdfTeX warning: pdflatex.exe (file ./svg-inkscape/fig1_svg-tex.pdf): PDF inclus
ion: multiple pdfs with page group included in a single page
> <./svg-inkscape/fig1_svg-tex.pdf

pdfTeX warning: pdflatex.exe (file ./svg-inkscape/fig1_svg-tex.pdf): PDF inclus
ion: multiple pdfs with page group included in a single page
> <./svg-inkscape/fig1_svg-tex.pdf

pdfTeX warning: pdflatex.exe (file ./svg-inkscape/fig1_svg-tex.pdf): PDF inclus
ion: multiple pdfs with page group included in a single page
> <./svg-inkscape/fig1_svg-tex.pdf

pdfTeX warning: pdflatex.exe (file ./svg-inkscape/fig1_svg-tex.pdf): PDF inclus
ion: multiple pdfs with page group included in a single page
>] [7]
LaTeX Font Info:    External font `lmex10' loaded for size
(Font)              <10> on input line 313.
LaTeX Font Info:    External font `lmex10' loaded for size
(Font)              <7> on input line 313.
LaTeX Font Info:    External font `lmex10' loaded for size
(Font)              <5> on input line 313.
Package svg Info: Last page of `./svg-inkscape/fig2_svg-tex.pdf' is 1 on input 
line 317.
 (svg-inkscape/fig2_svg-tex.pdf_tex
<./svg-inkscape/fig2_svg-tex.pdf, id=58, page=1, 184.52792pt x 83.5622pt>
File: ./svg-inkscape/fig2_svg-tex.pdf Graphic file (type pdf)
<use ./svg-inkscape/fig2_svg-tex.pdf, page 1>
Package pdftex.def Info: ./svg-inkscape/fig2_svg-tex.pdf , page1 used on input 
line 56.
(pdftex.def)             Requested size: 455.24411pt x 206.18398pt.
)

LaTeX Warning: Command \textunderscore invalid in math mode on input line 340.


LaTeX Warning: Command \textunderscore invalid in math mode on input line 340.


LaTeX Warning: Command \textunderscore invalid in math mode on input line 340.


LaTeX Warning: Command \textunderscore invalid in math mode on input line 343.


LaTeX Warning: Command \textunderscore invalid in math mode on input line 343.


LaTeX Warning: Command \textunderscore invalid in math mode on input line 344.


LaTeX Warning: Command \textunderscore invalid in math mode on input line 345.


LaTeX Warning: Command \textunderscore invalid in math mode on input line 345.


LaTeX Warning: Command \textunderscore invalid in math mode on input line 345.


LaTeX Warning: Command \textunderscore invalid in math mode on input line 346.


LaTeX Warning: Command \textunderscore invalid in math mode on input line 346.


LaTeX Warning: Command \textunderscore invalid in math mode on input line 347.


LaTeX Warning: Command \textunderscore invalid in math mode on input line 348.


LaTeX Warning: Command \textunderscore invalid in math mode on input line 348.


LaTeX Warning: Command \textunderscore invalid in math mode on input line 348.


LaTeX Warning: Command \textunderscore invalid in math mode on input line 349.


LaTeX Warning: Command \textunderscore invalid in math mode on input line 349.


LaTeX Warning: Command \textunderscore invalid in math mode on input line 349.


LaTeX Warning: Command \textunderscore invalid in math mode on input line 349.

LaTeX Font Info:    Trying to load font information for OMS+lmtt on input line 
394.
LaTeX Font Info:    No file OMSlmtt.fd. on input line 394.

LaTeX Font Warning: Font shape `OMS/lmtt/m/n' undefined
(Font)              using `OMS/cmsy/m/n' instead
(Font)              for symbol `textbackslash' on input line 394.

[8 <./svg-inkscape/fig2_svg-tex.pdf>]
Overfull \vbox (363.95139pt too high) has occurred while \output is active []


[9] [10]
Kapitola 3.
Package svg Info: Last page of `./svg-inkscape/fig11_svg-tex.pdf' is 1 on input
 line 569.
(svg-inkscape/fig11_svg-tex.pdf_tex
<./svg-inkscape/fig11_svg-tex.pdf, id=76, page=1, 174.90092pt x 110.66344pt>
File: ./svg-inkscape/fig11_svg-tex.pdf Graphic file (type pdf)
<use ./svg-inkscape/fig11_svg-tex.pdf, page 1>
Package pdftex.def Info: ./svg-inkscape/fig11_svg-tex.pdf , page1 used on input
 line 56.
(pdftex.def)             Requested size: 174.90092pt x 110.6682pt.
)
Overfull \vbox (22.79134pt too high) has occurred while \output is active []


Overfull \vbox (22.79134pt too high) has occurred while \output is active []


Overfull \vbox (22.79134pt too high) has occurred while \output is active []


[11 <./svg-inkscape/fig11_svg-tex.pdf>]
Package svg Info: Last page of `./svg-inkscape/fig6_svg-tex.pdf' is 8 on input 
line 629.
 (svg-inkscape/fig6_svg-tex.pdf_tex
<./svg-inkscape/fig6_svg-tex.pdf, id=83, page=1, 269.18034pt x 250.93771pt>
File: ./svg-inkscape/fig6_svg-tex.pdf Graphic file (type pdf)
<use ./svg-inkscape/fig6_svg-tex.pdf, page 1>
Package pdftex.def Info: ./svg-inkscape/fig6_svg-tex.pdf , page1 used on input 
line 56.
(pdftex.def)             Requested size: 227.62206pt x 212.19913pt.
<./svg-inkscape/fig6_svg-tex.pdf, id=84, page=2, 269.18034pt x 250.93771pt>
File: ./svg-inkscape/fig6_svg-tex.pdf Graphic file (type pdf)
<use ./svg-inkscape/fig6_svg-tex.pdf, page 2>
Package pdftex.def Info: ./svg-inkscape/fig6_svg-tex.pdf , page2 used on input 
line 58.
(pdftex.def)             Requested size: 227.62206pt x 212.19913pt.
<./svg-inkscape/fig6_svg-tex.pdf, id=85, page=3, 269.18034pt x 250.93771pt>
File: ./svg-inkscape/fig6_svg-tex.pdf Graphic file (type pdf)
<use ./svg-inkscape/fig6_svg-tex.pdf, page 3>
Package pdftex.def Info: ./svg-inkscape/fig6_svg-tex.pdf , page3 used on input 
line 60.
(pdftex.def)             Requested size: 227.62206pt x 212.19913pt.
<./svg-inkscape/fig6_svg-tex.pdf, id=86, page=4, 269.18034pt x 250.93771pt>
File: ./svg-inkscape/fig6_svg-tex.pdf Graphic file (type pdf)
<use ./svg-inkscape/fig6_svg-tex.pdf, page 4>
Package pdftex.def Info: ./svg-inkscape/fig6_svg-tex.pdf , page4 used on input 
line 62.
(pdftex.def)             Requested size: 227.62206pt x 212.19913pt.
<./svg-inkscape/fig6_svg-tex.pdf, id=87, page=5, 269.18034pt x 250.93771pt>
File: ./svg-inkscape/fig6_svg-tex.pdf Graphic file (type pdf)
<use ./svg-inkscape/fig6_svg-tex.pdf, page 5>
Package pdftex.def Info: ./svg-inkscape/fig6_svg-tex.pdf , page5 used on input 
line 64.
(pdftex.def)             Requested size: 227.62206pt x 212.19913pt.
<./svg-inkscape/fig6_svg-tex.pdf, id=88, page=6, 269.18034pt x 250.93771pt>
File: ./svg-inkscape/fig6_svg-tex.pdf Graphic file (type pdf)
<use ./svg-inkscape/fig6_svg-tex.pdf, page 6>
Package pdftex.def Info: ./svg-inkscape/fig6_svg-tex.pdf , page6 used on input 
line 66.
(pdftex.def)             Requested size: 227.62206pt x 212.19913pt.
<./svg-inkscape/fig6_svg-tex.pdf, id=89, page=7, 269.18034pt x 250.93771pt>
File: ./svg-inkscape/fig6_svg-tex.pdf Graphic file (type pdf)
<use ./svg-inkscape/fig6_svg-tex.pdf, page 7>
Package pdftex.def Info: ./svg-inkscape/fig6_svg-tex.pdf , page7 used on input 
line 68.
(pdftex.def)             Requested size: 227.62206pt x 212.19913pt.
<./svg-inkscape/fig6_svg-tex.pdf, id=90, page=8, 269.18034pt x 250.93771pt>
File: ./svg-inkscape/fig6_svg-tex.pdf Graphic file (type pdf)
<use ./svg-inkscape/fig6_svg-tex.pdf, page 8>
Package pdftex.def Info: ./svg-inkscape/fig6_svg-tex.pdf , page8 used on input 
line 70.
(pdftex.def)             Requested size: 227.62206pt x 212.19913pt.
)
Overfull \hbox (5.0pt too wide) in paragraph at lines 629--630
 [][] 
 []


Underfull \hbox (badness 10000) in paragraph at lines 630--630
[]\OT1/lmr/m/n/12 (+20) Obr^^Sazek 3.2: |Iden-ti-fi-kace kon-
 []

[12 <./svg-inkscape/fig6_svg-tex.pdf> <./svg-inkscape/fig6_svg-tex.pdf

pdfTeX warning: pdflatex.exe (file ./svg-inkscape/fig6_svg-tex.pdf): PDF inclus
ion: multiple pdfs with page group included in a single page
> <./svg-inkscape/fig6_svg-tex.pdf

pdfTeX warning: pdflatex.exe (file ./svg-inkscape/fig6_svg-tex.pdf): PDF inclus
ion: multiple pdfs with page group included in a single page
> <./svg-inkscape/fig6_svg-tex.pdf

pdfTeX warning: pdflatex.exe (file ./svg-inkscape/fig6_svg-tex.pdf): PDF inclus
ion: multiple pdfs with page group included in a single page
> <./svg-inkscape/fig6_svg-tex.pdf

pdfTeX warning: pdflatex.exe (file ./svg-inkscape/fig6_svg-tex.pdf): PDF inclus
ion: multiple pdfs with page group included in a single page
> <./svg-inkscape/fig6_svg-tex.pdf

pdfTeX warning: pdflatex.exe (file ./svg-inkscape/fig6_svg-tex.pdf): PDF inclus
ion: multiple pdfs with page group included in a single page
> <./svg-inkscape/fig6_svg-tex.pdf

pdfTeX warning: pdflatex.exe (file ./svg-inkscape/fig6_svg-tex.pdf): PDF inclus
ion: multiple pdfs with page group included in a single page
> <./svg-inkscape/fig6_svg-tex.pdf

pdfTeX warning: pdflatex.exe (file ./svg-inkscape/fig6_svg-tex.pdf): PDF inclus
ion: multiple pdfs with page group included in a single page
>]
Package svg Info: Last page of `./svg-inkscape/fig7_svg-tex.pdf' is 14 on input
 line 660.
 (svg-inkscape/fig7_svg-tex.pdf_tex
<./svg-inkscape/fig7_svg-tex.pdf, id=98, page=1, 206.46397pt x 216.15129pt>
File: ./svg-inkscape/fig7_svg-tex.pdf Graphic file (type pdf)
<use ./svg-inkscape/fig7_svg-tex.pdf, page 1>
Package pdftex.def Info: ./svg-inkscape/fig7_svg-tex.pdf , page1 used on input 
line 56.
(pdftex.def)             Requested size: 227.62206pt x 238.31133pt.
<./svg-inkscape/fig7_svg-tex.pdf, id=99, page=2, 206.46397pt x 216.15129pt>
File: ./svg-inkscape/fig7_svg-tex.pdf Graphic file (type pdf)
<use ./svg-inkscape/fig7_svg-tex.pdf, page 2>
Package pdftex.def Info: ./svg-inkscape/fig7_svg-tex.pdf , page2 used on input 
line 58.
(pdftex.def)             Requested size: 227.62206pt x 238.31133pt.
<./svg-inkscape/fig7_svg-tex.pdf, id=100, page=3, 206.46397pt x 216.15129pt>
File: ./svg-inkscape/fig7_svg-tex.pdf Graphic file (type pdf)
<use ./svg-inkscape/fig7_svg-tex.pdf, page 3>
Package pdftex.def Info: ./svg-inkscape/fig7_svg-tex.pdf , page3 used on input 
line 60.
(pdftex.def)             Requested size: 227.62206pt x 238.31133pt.
<./svg-inkscape/fig7_svg-tex.pdf, id=101, page=4, 206.46397pt x 216.15129pt>
File: ./svg-inkscape/fig7_svg-tex.pdf Graphic file (type pdf)
<use ./svg-inkscape/fig7_svg-tex.pdf, page 4>
Package pdftex.def Info: ./svg-inkscape/fig7_svg-tex.pdf , page4 used on input 
line 62.
(pdftex.def)             Requested size: 227.62206pt x 238.31133pt.
<./svg-inkscape/fig7_svg-tex.pdf, id=102, page=5, 206.46397pt x 216.15129pt>
File: ./svg-inkscape/fig7_svg-tex.pdf Graphic file (type pdf)
<use ./svg-inkscape/fig7_svg-tex.pdf, page 5>
Package pdftex.def Info: ./svg-inkscape/fig7_svg-tex.pdf , page5 used on input 
line 64.
(pdftex.def)             Requested size: 227.62206pt x 238.31133pt.
<./svg-inkscape/fig7_svg-tex.pdf, id=103, page=6, 206.46397pt x 216.15129pt>
File: ./svg-inkscape/fig7_svg-tex.pdf Graphic file (type pdf)
<use ./svg-inkscape/fig7_svg-tex.pdf, page 6>
Package pdftex.def Info: ./svg-inkscape/fig7_svg-tex.pdf , page6 used on input 
line 66.
(pdftex.def)             Requested size: 227.62206pt x 238.31133pt.
<./svg-inkscape/fig7_svg-tex.pdf, id=104, page=7, 206.46397pt x 216.15129pt>
File: ./svg-inkscape/fig7_svg-tex.pdf Graphic file (type pdf)
<use ./svg-inkscape/fig7_svg-tex.pdf, page 7>
Package pdftex.def Info: ./svg-inkscape/fig7_svg-tex.pdf , page7 used on input 
line 68.
(pdftex.def)             Requested size: 227.62206pt x 238.31133pt.
<./svg-inkscape/fig7_svg-tex.pdf, id=105, page=8, 206.46397pt x 216.15129pt>
File: ./svg-inkscape/fig7_svg-tex.pdf Graphic file (type pdf)
<use ./svg-inkscape/fig7_svg-tex.pdf, page 8>
Package pdftex.def Info: ./svg-inkscape/fig7_svg-tex.pdf , page8 used on input 
line 70.
(pdftex.def)             Requested size: 227.62206pt x 238.31133pt.
<./svg-inkscape/fig7_svg-tex.pdf, id=106, page=9, 206.46397pt x 216.15129pt>
File: ./svg-inkscape/fig7_svg-tex.pdf Graphic file (type pdf)
<use ./svg-inkscape/fig7_svg-tex.pdf, page 9>
Package pdftex.def Info: ./svg-inkscape/fig7_svg-tex.pdf , page9 used on input 
line 72.
(pdftex.def)             Requested size: 227.62206pt x 238.31133pt.
<./svg-inkscape/fig7_svg-tex.pdf, id=107, page=10, 206.46397pt x 216.15129pt>
File: ./svg-inkscape/fig7_svg-tex.pdf Graphic file (type pdf)
<use ./svg-inkscape/fig7_svg-tex.pdf, page 10>
Package pdftex.def Info: ./svg-inkscape/fig7_svg-tex.pdf , page10 used on input
 line 74.
(pdftex.def)             Requested size: 227.62206pt x 238.31133pt.
<./svg-inkscape/fig7_svg-tex.pdf, id=108, page=11, 206.46397pt x 216.15129pt>
File: ./svg-inkscape/fig7_svg-tex.pdf Graphic file (type pdf)
<use ./svg-inkscape/fig7_svg-tex.pdf, page 11>
Package pdftex.def Info: ./svg-inkscape/fig7_svg-tex.pdf , page11 used on input
 line 76.
(pdftex.def)             Requested size: 227.62206pt x 238.31133pt.
<./svg-inkscape/fig7_svg-tex.pdf, id=109, page=12, 206.46397pt x 216.15129pt>
File: ./svg-inkscape/fig7_svg-tex.pdf Graphic file (type pdf)
<use ./svg-inkscape/fig7_svg-tex.pdf, page 12>
Package pdftex.def Info: ./svg-inkscape/fig7_svg-tex.pdf , page12 used on input
 line 78.
(pdftex.def)             Requested size: 227.62206pt x 238.31133pt.
<./svg-inkscape/fig7_svg-tex.pdf, id=110, page=13, 206.46397pt x 216.15129pt>
File: ./svg-inkscape/fig7_svg-tex.pdf Graphic file (type pdf)
<use ./svg-inkscape/fig7_svg-tex.pdf, page 13>
Package pdftex.def Info: ./svg-inkscape/fig7_svg-tex.pdf , page13 used on input
 line 80.
(pdftex.def)             Requested size: 227.62206pt x 238.31133pt.
<./svg-inkscape/fig7_svg-tex.pdf, id=111, page=14, 206.46397pt x 216.15129pt>
File: ./svg-inkscape/fig7_svg-tex.pdf Graphic file (type pdf)
<use ./svg-inkscape/fig7_svg-tex.pdf, page 14>
Package pdftex.def Info: ./svg-inkscape/fig7_svg-tex.pdf , page14 used on input
 line 82.
(pdftex.def)             Requested size: 227.62206pt x 238.31133pt.
)
<./resources/infografika/fig8.png, id=112, 532.389pt x 385.1991pt>
File: ./resources/infografika/fig8.png Graphic file (type png)
<use ./resources/infografika/fig8.png>
Package pdftex.def Info: ./resources/infografika/fig8.png  used on input line 6
82.
(pdftex.def)             Requested size: 227.62206pt x 164.69196pt.

Overfull \hbox (5.0pt too wide) in paragraph at lines 682--683
 [][] 
 []


Overfull \vbox (20.91107pt too high) has occurred while \output is active []


Overfull \vbox (20.91107pt too high) has occurred while \output is active []


Overfull \vbox (20.91107pt too high) has occurred while \output is active []


[13 <./svg-inkscape/fig7_svg-tex.pdf> <./svg-inkscape/fig7_svg-tex.pdf

pdfTeX warning: pdflatex.exe (file ./svg-inkscape/fig7_svg-tex.pdf): PDF inclus
ion: multiple pdfs with page group included in a single page
> <./svg-inkscape/fig7_svg-tex.pdf

pdfTeX warning: pdflatex.exe (file ./svg-inkscape/fig7_svg-tex.pdf): PDF inclus
ion: multiple pdfs with page group included in a single page
> <./svg-inkscape/fig7_svg-tex.pdf

pdfTeX warning: pdflatex.exe (file ./svg-inkscape/fig7_svg-tex.pdf): PDF inclus
ion: multiple pdfs with page group included in a single page
> <./svg-inkscape/fig7_svg-tex.pdf

pdfTeX warning: pdflatex.exe (file ./svg-inkscape/fig7_svg-tex.pdf): PDF inclus
ion: multiple pdfs with page group included in a single page
> <./svg-inkscape/fig7_svg-tex.pdf

pdfTeX warning: pdflatex.exe (file ./svg-inkscape/fig7_svg-tex.pdf): PDF inclus
ion: multiple pdfs with page group included in a single page
> <./svg-inkscape/fig7_svg-tex.pdf

pdfTeX warning: pdflatex.exe (file ./svg-inkscape/fig7_svg-tex.pdf): PDF inclus
ion: multiple pdfs with page group included in a single page
> <./svg-inkscape/fig7_svg-tex.pdf

pdfTeX warning: pdflatex.exe (file ./svg-inkscape/fig7_svg-tex.pdf): PDF inclus
ion: multiple pdfs with page group included in a single page
> <./svg-inkscape/fig7_svg-tex.pdf

pdfTeX warning: pdflatex.exe (file ./svg-inkscape/fig7_svg-tex.pdf): PDF inclus
ion: multiple pdfs with page group included in a single page
> <./svg-inkscape/fig7_svg-tex.pdf

pdfTeX warning: pdflatex.exe (file ./svg-inkscape/fig7_svg-tex.pdf): PDF inclus
ion: multiple pdfs with page group included in a single page
> <./svg-inkscape/fig7_svg-tex.pdf

pdfTeX warning: pdflatex.exe (file ./svg-inkscape/fig7_svg-tex.pdf): PDF inclus
ion: multiple pdfs with page group included in a single page
> <./svg-inkscape/fig7_svg-tex.pdf

pdfTeX warning: pdflatex.exe (file ./svg-inkscape/fig7_svg-tex.pdf): PDF inclus
ion: multiple pdfs with page group included in a single page
> <./svg-inkscape/fig7_svg-tex.pdf

pdfTeX warning: pdflatex.exe (file ./svg-inkscape/fig7_svg-tex.pdf): PDF inclus
ion: multiple pdfs with page group included in a single page
> <./svg-inkscape/fig7_svg-tex.pdf

pdfTeX warning: pdflatex.exe (file ./svg-inkscape/fig7_svg-tex.pdf): PDF inclus
ion: multiple pdfs with page group included in a single page
> <./resources/infografika/fig8.png>]
Kapitola 4.
<./resources/infografika/fig10.png, id=121, 1854.93pt x 894.34125pt>
File: ./resources/infografika/fig10.png Graphic file (type png)
<use ./resources/infografika/fig10.png>
Package pdftex.def Info: ./resources/infografika/fig10.png  used on input line 
697.
(pdftex.def)             Requested size: 455.24411pt x 219.4908pt.

Underfull \hbox (badness 10000) in paragraph at lines 709--713

 []

[14 <./resources/infografika/fig10.png>]
Underfull \hbox (badness 10000) in paragraph at lines 743--749

 []


Underfull \hbox (badness 10000) in paragraph at lines 756--761

 []


Underfull \hbox (badness 10000) in paragraph at lines 764--769

 []


Underfull \hbox (badness 10000) in paragraph at lines 775--776

 []


Underfull \hbox (badness 10000) in paragraph at lines 786--787

 []


Underfull \hbox (badness 10000) in paragraph at lines 798--799

 []

[15]
Kapitola 5.
Package svg Info: Last page of `./svg-inkscape/fig3_svg-tex.pdf' is 1 on input 
line 820.
(svg-inkscape/fig3_svg-tex.pdf_tex
<./svg-inkscape/fig3_svg-tex.pdf, id=130, page=1, 350.81062pt x 350.81062pt>
File: ./svg-inkscape/fig3_svg-tex.pdf Graphic file (type pdf)
<use ./svg-inkscape/fig3_svg-tex.pdf, page 1>
Package pdftex.def Info: ./svg-inkscape/fig3_svg-tex.pdf , page1 used on input 
line 56.
(pdftex.def)             Requested size: 136.57462pt x 136.5747pt.
)
Package svg Info: Last page of `./svg-inkscape/fig4_svg-tex.pdf' is 1 on input 
line 822.
 (svg-inkscape/fig4_svg-tex.pdf_tex
<./svg-inkscape/fig4_svg-tex.pdf, id=132, page=1, 362.10281pt x 256.70906pt>
File: ./svg-inkscape/fig4_svg-tex.pdf Graphic file (type pdf)
<use ./svg-inkscape/fig4_svg-tex.pdf, page 1>
Package pdftex.def Info: ./svg-inkscape/fig4_svg-tex.pdf , page1 used on input 
line 56.
(pdftex.def)             Requested size: 136.57462pt x 96.82187pt.
)
Package svg Info: Last page of `./svg-inkscape/fig5_svg-tex.pdf' is 3 on input 
line 824.

(svg-inkscape/fig5_svg-tex.pdf_tex
<./svg-inkscape/fig5_svg-tex.pdf, id=134, page=1, 281.30345pt x 296.15642pt>
File: ./svg-inkscape/fig5_svg-tex.pdf Graphic file (type pdf)
<use ./svg-inkscape/fig5_svg-tex.pdf, page 1>
Package pdftex.def Info: ./svg-inkscape/fig5_svg-tex.pdf , page1 used on input 
line 56.
(pdftex.def)             Requested size: 136.57462pt x 143.7848pt.
<./svg-inkscape/fig5_svg-tex.pdf, id=135, page=2, 281.30345pt x 296.15642pt>
File: ./svg-inkscape/fig5_svg-tex.pdf Graphic file (type pdf)
<use ./svg-inkscape/fig5_svg-tex.pdf, page 2>
Package pdftex.def Info: ./svg-inkscape/fig5_svg-tex.pdf , page2 used on input 
line 58.
(pdftex.def)             Requested size: 136.57462pt x 143.7848pt.
<./svg-inkscape/fig5_svg-tex.pdf, id=136, page=3, 281.30345pt x 296.15642pt>
File: ./svg-inkscape/fig5_svg-tex.pdf Graphic file (type pdf)
<use ./svg-inkscape/fig5_svg-tex.pdf, page 3>
Package pdftex.def Info: ./svg-inkscape/fig5_svg-tex.pdf , page3 used on input 
line 60.
(pdftex.def)             Requested size: 136.57462pt x 143.7848pt.
) [16 <./svg-inkscape/fig3_svg-tex.pdf> <./svg-inkscape/fig4_svg-tex.pdf

pdfTeX warning: pdflatex.exe (file ./svg-inkscape/fig4_svg-tex.pdf): PDF inclus
ion: multiple pdfs with page group included in a single page
> <./svg-inkscape/fig5_svg-tex.pdf

pdfTeX warning: pdflatex.exe (file ./svg-inkscape/fig5_svg-tex.pdf): PDF inclus
ion: multiple pdfs with page group included in a single page
> <./svg-inkscape/fig5_svg-tex.pdf

pdfTeX warning: pdflatex.exe (file ./svg-inkscape/fig5_svg-tex.pdf): PDF inclus
ion: multiple pdfs with page group included in a single page
> <./svg-inkscape/fig5_svg-tex.pdf

pdfTeX warning: pdflatex.exe (file ./svg-inkscape/fig5_svg-tex.pdf): PDF inclus
ion: multiple pdfs with page group included in a single page
>]
Kapitola 6.
LaTeX Font Info:    Trying to load font information for TS1+lmr on input line 8
85.
(C:\Users\malir\AppData\Local\Programs\MiKTeX\tex/latex/lm\ts1lmr.fd
File: ts1lmr.fd 2015/05/01 v1.6.1 Font defs for Latin Modern
) [17]
Underfull \hbox (badness 10000) in paragraph at lines 900--902

 []

Kapitola 7.
(text.bbl [18]) [19] (text.aux)

LaTeX Font Warning: Some font shapes were not available, defaults substituted.

 ) 
Here is how much of TeX's memory you used:
 14370 strings out of 478338
 257866 string characters out of 2836700
 838828 words of memory out of 3000000
 32328 multiletter control sequences out of 15000+600000
 538271 words of font info for 150 fonts, out of 8000000 for 9000
 1141 hyphenation exceptions out of 8191
 94i,16n,92p,1276b,1148s stack positions out of 10000i,1000n,20000p,200000b,80000s
{C:/Users/malir/AppData/Local/Programs/MiKTeX/fonts/enc/dvips/lm/lm-ts1.enc}{
C:/Users/malir/AppData/Local/Programs/MiKTeX/fonts/enc/dvips/lm/lm-mathex.enc}{
C:/Users/malir/AppData/Local/Programs/MiKTeX/fonts/enc/dvips/lm/lm-rmsc.enc}{C:
/Users/malir/AppData/Local/Programs/MiKTeX/fonts/enc/dvips/lm/lm-mathit.enc}{C:
/Users/malir/AppData/Local/Programs/MiKTeX/fonts/enc/dvips/lm/lm-rm.enc}{C:/Use
rs/malir/AppData/Local/Programs/MiKTeX/fonts/enc/dvips/lm/lm-mathsy.enc}{C:/Use
rs/malir/AppData/Local/Programs/MiKTeX/fonts/enc/dvips/lm/lm-rmtt.enc}<C:/Users
/malir/AppData/Local/Programs/MiKTeX/fonts/type1/public/amsfonts/cm/cmbsy10.pfb
><C:/Users/malir/AppData/Local/Programs/MiKTeX/fonts/type1/public/amsfonts/cm/c
mbx12.pfb><C:/Users/malir/AppData/Local/Programs/MiKTeX/fonts/type1/public/amsf
onts/cm/cmmib10.pfb><C:/Users/malir/AppData/Local/Programs/MiKTeX/fonts/type1/p
ublic/amsfonts/cmextra/cmmib8.pfb><C:/Users/malir/AppData/Local/Programs/MiKTeX
/fonts/type1/public/amsfonts/cm/cmsy10.pfb><C:/Users/malir/AppData/Local/Progra
ms/MiKTeX/fonts/type1/public/lm/lmbx12.pfb><C:/Users/malir/AppData/Local/Progra
ms/MiKTeX/fonts/type1/public/lm/lmcsc10.pfb><C:/Users/malir/AppData/Local/Progr
ams/MiKTeX/fonts/type1/public/lm/lmex10.pfb><C:/Users/malir/AppData/Local/Progr
ams/MiKTeX/fonts/type1/public/lm/lmmi10.pfb><C:/Users/malir/AppData/Local/Progr
ams/MiKTeX/fonts/type1/public/lm/lmmi12.pfb><C:/Users/malir/AppData/Local/Progr
ams/MiKTeX/fonts/type1/public/lm/lmmi6.pfb><C:/Users/malir/AppData/Local/Progra
ms/MiKTeX/fonts/type1/public/lm/lmmi8.pfb><C:/Users/malir/AppData/Local/Program
s/MiKTeX/fonts/type1/public/lm/lmr10.pfb><C:/Users/malir/AppData/Local/Programs
/MiKTeX/fonts/type1/public/lm/lmr12.pfb><C:/Users/malir/AppData/Local/Programs/
MiKTeX/fonts/type1/public/lm/lmr17.pfb><C:/Users/malir/AppData/Local/Programs/M
iKTeX/fonts/type1/public/lm/lmr6.pfb><C:/Users/malir/AppData/Local/Programs/MiK
TeX/fonts/type1/public/lm/lmr7.pfb><C:/Users/malir/AppData/Local/Programs/MiKTe
X/fonts/type1/public/lm/lmr8.pfb><C:/Users/malir/AppData/Local/Programs/MiKTeX/
fonts/type1/public/lm/lmri12.pfb><C:/Users/malir/AppData/Local/Programs/MiKTeX/
fonts/type1/public/lm/lmsy10.pfb><C:/Users/malir/AppData/Local/Programs/MiKTeX/
fonts/type1/public/lm/lmsy8.pfb><C:/Users/malir/AppData/Local/Programs/MiKTeX/f
onts/type1/public/lm/lmtk10.pfb><C:/Users/malir/AppData/Local/Programs/MiKTeX/f
onts/type1/public/lm/lmtt12.pfb>
Output written on text.pdf (20 pages, 659536 bytes).
PDF statistics:
 258 PDF objects out of 1000 (max. 8388607)
 0 named destinations out of 1000 (max. 500000)
 42227 words of extra memory for PDF output out of 42996 (max. 10000000)

